<?xml version="1.0" encoding="UTF-8"?>
<testsuite xmlns:xsi="http://www.w3.org/2001/XMLSchema-instance" xsi:noNamespaceSchemaLocation="https://maven.apache.org/surefire/maven-surefire-plugin/xsd/surefire-test-report-3.0.xsd" version="3.0" name="com.medhead.medhead.backend.MedheadApplicationAPITests" time="6.614" tests="3" errors="0" skipped="0" failures="0">
  <properties>
[...]
</properties>
  <testcase name="TestGoogleAPI" classname="com.medhead.medhead.backend.MedheadApplicationAPITests" time="1.976">
    <system-out><![CDATA[13:38:16.336 [main] INFO org.springframework.test.context.support.AnnotationConfigContextLoaderUtils -- Could not detect default configuration classes for test class [com.medhead.medhead.backend.MedheadApplicationAPITests]: MedheadApplicationAPITests does not declare any static, non-private, non-final, nested classes annotated with @Configuration.
13:38:16.429 [main] INFO org.springframework.boot.test.context.SpringBootTestContextBootstrapper -- Found @SpringBootConfiguration com.medhead.medhead.backend.MedheadApplicationAPI for test class com.medhead.medhead.backend.MedheadApplicationAPITests

  .   ____          _            __ _ _
 /\\ / ___'_ __ _ _(_)_ __  __ _ \ \ \ \
( ( )\___ | '_ | '_| | '_ \/ _` | \ \ \ \
 \\/  ___)| |_)| | | | | || (_| |  ) ) ) )
  '  |____| .__|_| |_|_| |_\__, | / / / /
 =========|_|==============|___/=/_/_/_/
 :: Spring Boot ::                (v3.1.0)

2023-07-16T13:38:16.788+04:00  INFO 3193897 --- [           main] c.m.m.b.MedheadApplicationAPITests       : Starting MedheadApplicationAPITests using Java 17.0.7 with PID 3193897 (started by wdalleau in /home/wdalleau/eclipse-java-openclassroom-linux-gtk-x86_64/workspace/medhead_backend)
2023-07-16T13:38:16.790+04:00  INFO 3193897 --- [           main] c.m.m.b.MedheadApplicationAPITests       : No active profile set, falling back to 1 default profile: "default"
2023-07-16T13:38:17.309+04:00  INFO 3193897 --- [           main] .s.d.r.c.RepositoryConfigurationDelegate : Bootstrapping Spring Data JPA repositories in DEFAULT mode.
2023-07-16T13:38:17.359+04:00  INFO 3193897 --- [           main] .s.d.r.c.RepositoryConfigurationDelegate : Finished Spring Data repository scanning in 43 ms. Found 3 JPA repository interfaces.
2023-07-16T13:38:17.753+04:00  INFO 3193897 --- [           main] com.zaxxer.hikari.HikariDataSource       : HikariPool-1 - Starting...
2023-07-16T13:38:17.928+04:00  INFO 3193897 --- [           main] com.zaxxer.hikari.pool.HikariPool        : HikariPool-1 - Added connection conn0: url=jdbc:h2:mem:8a1fb196-b333-4304-987f-f71ff337248a user=SA
2023-07-16T13:38:17.930+04:00  INFO 3193897 --- [           main] com.zaxxer.hikari.HikariDataSource       : HikariPool-1 - Start completed.
2023-07-16T13:38:18.098+04:00  INFO 3193897 --- [           main] o.hibernate.jpa.internal.util.LogHelper  : HHH000204: Processing PersistenceUnitInfo [name: default]
2023-07-16T13:38:18.153+04:00  INFO 3193897 --- [           main] org.hibernate.Version                    : HHH000412: Hibernate ORM core version 6.2.2.Final
2023-07-16T13:38:18.155+04:00  INFO 3193897 --- [           main] org.hibernate.cfg.Environment            : HHH000406: Using bytecode reflection optimizer
2023-07-16T13:38:18.268+04:00  INFO 3193897 --- [           main] o.h.b.i.BytecodeProviderInitiator        : HHH000021: Bytecode provider name : bytebuddy
2023-07-16T13:38:18.388+04:00  INFO 3193897 --- [           main] o.s.o.j.p.SpringPersistenceUnitInfo      : No LoadTimeWeaver setup: ignoring JPA class transformer
2023-07-16T13:38:18.428+04:00  INFO 3193897 --- [           main] org.hibernate.orm.dialect                : HHH035001: Using dialect: org.hibernate.dialect.H2Dialect, version: 2.1.214
2023-07-16T13:38:18.592+04:00  INFO 3193897 --- [           main] o.h.b.i.BytecodeProviderInitiator        : HHH000021: Bytecode provider name : bytebuddy
2023-07-16T13:38:19.195+04:00  INFO 3193897 --- [           main] o.h.e.t.j.p.i.JtaPlatformInitiator       : HHH000490: Using JtaPlatform implementation: [org.hibernate.engine.transaction.jta.platform.internal.NoJtaPlatform]
2023-07-16T13:38:19.243+04:00  INFO 3193897 --- [           main] j.LocalContainerEntityManagerFactoryBean : Initialized JPA EntityManagerFactory for persistence unit 'default'
2023-07-16T13:38:19.251+04:00  INFO 3193897 --- [           main] Tools                                    : [MedheadApplicationAPI] - [com.medhead.medhead.backend.tool.LoggerTools] - Init LoggerTools - line:35
2023-07-16T13:38:19.496+04:00  INFO 3193897 --- [           main] Tools                                    : [MedheadApplicationAPI] - [GPSTools] - Init done with key not null [true] - line:67
2023-07-16T13:38:19.690+04:00  INFO 3193897 --- [           main] o.s.d.j.r.query.QueryEnhancerFactory     : Hibernate is in classpath; If applicable, HQL parser will be used.
2023-07-16T13:38:20.303+04:00  WARN 3193897 --- [           main] JpaBaseConfiguration$JpaWebConfiguration : spring.jpa.open-in-view is enabled by default. Therefore, database queries may be performed during view rendering. Explicitly configure spring.jpa.open-in-view to disable this warning
2023-07-16T13:38:20.700+04:00  INFO 3193897 --- [           main] o.s.b.a.h2.H2ConsoleAutoConfiguration    : H2 console available at '/h2-console'. Database available at 'jdbc:h2:mem:8a1fb196-b333-4304-987f-f71ff337248a'
2023-07-16T13:38:20.769+04:00  INFO 3193897 --- [           main] c.m.m.b.MedheadApplicationAPITests       : Started MedheadApplicationAPITests in 4.222 seconds (process running for 5.242)
2023-07-16T13:38:21.341+04:00  INFO 3193897 --- [           main] Tools                                    : [MedheadApplicationAPI] - [GPSTools] - Init done with key not null [true] - line:67
2023-07-16T13:38:21.426+04:00  INFO 3193897 --- [           main] Common                                   : [MedheadApplicationAPI] - [HospitalService] - Call getHospitals - line:38
2023-07-16T13:38:22.751+04:00  INFO 3193897 --- [           main] Tools                                    : [MedheadApplicationAPI] - [GPSTools] - L'hopital le plus proche est le  : [ Hospital [id=5, name=GHER ST BENOIT, specializations=[17, 45], latitude=-21.05858, longitude=55.710549, bedsAvailable=22]] à [12.122] km - line:122
]]></system-out>
  </testcase>
  <testcase name="TestBddSelect" classname="com.medhead.medhead.backend.MedheadApplicationAPITests" time="0.007">
    <system-out><![CDATA[2023-07-16T13:38:22.770+04:00  INFO 3193897 --- [           main] Common                                   : [MedheadApplicationAPI] - [HospitalService] - Call getHospitals - line:38
]]></system-out>
  </testcase>
  <testcase name="contextLoads" classname="com.medhead.medhead.backend.MedheadApplicationAPITests" time="0.003"/>
</testsuite>